<?xml version="1.0" encoding="UTF-8"?>
<testng-results ignored="0" total="5" passed="4" failed="1" skipped="0">
  <reporter-output>
  </reporter-output>
  <suite started-at="2024-12-13T09:33:30Z" name="Suite" finished-at="2024-12-13T09:33:56Z" duration-ms="26330">
    <groups>
    </groups>
    <test started-at="2024-12-13T09:33:30Z" name="Test" finished-at="2024-12-13T09:33:56Z" duration-ms="26330">
      <class name="testcases.Alltestcases">
        <test-method is-config="true" signature="SetUpDriver()[pri:0, instance:testcases.Alltestcases@81d9a72]" started-at="2024-12-13T09:33:30Z" name="SetUpDriver" finished-at="2024-12-13T09:33:32Z" duration-ms="1981" status="PASS">
          <reporter-output>
          </reporter-output>
        </test-method> <!-- SetUpDriver -->
        <test-method signature="tc01_Signup()[pri:0, instance:testcases.Alltestcases@81d9a72]" started-at="2024-12-13T09:33:32Z" name="tc01_Signup" finished-at="2024-12-13T09:33:37Z" duration-ms="4987" status="PASS">
          <reporter-output>
          </reporter-output>
        </test-method> <!-- tc01_Signup -->
        <test-method is-config="true" signature="TearDown()[pri:0, instance:testcases.Alltestcases@81d9a72]" started-at="2024-12-13T09:33:37Z" name="TearDown" finished-at="2024-12-13T09:33:37Z" duration-ms="114" status="PASS">
          <reporter-output>
          </reporter-output>
        </test-method> <!-- TearDown -->
        <test-method is-config="true" signature="SetUpDriver()[pri:0, instance:testcases.Alltestcases@81d9a72]" started-at="2024-12-13T09:33:37Z" name="SetUpDriver" finished-at="2024-12-13T09:33:39Z" duration-ms="1829" status="PASS">
          <reporter-output>
          </reporter-output>
        </test-method> <!-- SetUpDriver -->
        <test-method signature="tc02_loginsucess()[pri:0, instance:testcases.Alltestcases@81d9a72]" started-at="2024-12-13T09:33:39Z" name="tc02_loginsucess" finished-at="2024-12-13T09:33:40Z" duration-ms="1598" status="PASS">
          <reporter-output>
          </reporter-output>
        </test-method> <!-- tc02_loginsucess -->
        <test-method is-config="true" signature="TearDown()[pri:0, instance:testcases.Alltestcases@81d9a72]" started-at="2024-12-13T09:33:40Z" name="TearDown" finished-at="2024-12-13T09:33:40Z" duration-ms="139" status="PASS">
          <reporter-output>
          </reporter-output>
        </test-method> <!-- TearDown -->
        <test-method is-config="true" signature="SetUpDriver()[pri:0, instance:testcases.Alltestcases@81d9a72]" started-at="2024-12-13T09:33:40Z" name="SetUpDriver" finished-at="2024-12-13T09:33:42Z" duration-ms="1636" status="PASS">
          <reporter-output>
          </reporter-output>
        </test-method> <!-- SetUpDriver -->
        <test-method signature="tc03_loginfailure()[pri:0, instance:testcases.Alltestcases@81d9a72]" started-at="2024-12-13T09:33:42Z" name="tc03_loginfailure" finished-at="2024-12-13T09:33:44Z" duration-ms="1488" status="PASS">
          <reporter-output>
          </reporter-output>
        </test-method> <!-- tc03_loginfailure -->
        <test-method is-config="true" signature="TearDown()[pri:0, instance:testcases.Alltestcases@81d9a72]" started-at="2024-12-13T09:33:44Z" name="TearDown" finished-at="2024-12-13T09:33:44Z" duration-ms="194" status="PASS">
          <reporter-output>
          </reporter-output>
        </test-method> <!-- TearDown -->
        <test-method is-config="true" signature="SetUpDriver()[pri:0, instance:testcases.Alltestcases@81d9a72]" started-at="2024-12-13T09:33:44Z" name="SetUpDriver" finished-at="2024-12-13T09:33:45Z" duration-ms="1667" status="PASS">
          <reporter-output>
          </reporter-output>
        </test-method> <!-- SetUpDriver -->
        <test-method signature="tc04_add1itemchkout()[pri:0, instance:testcases.Alltestcases@81d9a72]" started-at="2024-12-13T09:33:45Z" name="tc04_add1itemchkout" finished-at="2024-12-13T09:33:53Z" duration-ms="7588" status="PASS">
          <reporter-output>
          </reporter-output>
        </test-method> <!-- tc04_add1itemchkout -->
        <test-method is-config="true" signature="TearDown()[pri:0, instance:testcases.Alltestcases@81d9a72]" started-at="2024-12-13T09:33:53Z" name="TearDown" finished-at="2024-12-13T09:33:53Z" duration-ms="195" status="PASS">
          <reporter-output>
          </reporter-output>
        </test-method> <!-- TearDown -->
        <test-method is-config="true" signature="SetUpDriver()[pri:0, instance:testcases.Alltestcases@81d9a72]" started-at="2024-12-13T09:33:53Z" name="SetUpDriver" finished-at="2024-12-13T09:33:55Z" duration-ms="1626" status="PASS">
          <reporter-output>
          </reporter-output>
        </test-method> <!-- SetUpDriver -->
        <test-method signature="tc05_add2itemchkout()[pri:0, instance:testcases.Alltestcases@81d9a72]" started-at="2024-12-13T09:33:55Z" name="tc05_add2itemchkout" finished-at="2024-12-13T09:33:56Z" duration-ms="1075" status="FAIL">
          <exception class="org.openqa.selenium.ElementClickInterceptedException">
            <message>
              <![CDATA[element click intercepted: Element <a href="/medicare/login">...</a> is not clickable at point (1162, 32). Other element would receive the click: <div class="se-pre-con" style="opacity: 0.00427757;"></div>
  (Session info: chrome=131.0.6778.86)
Build info: version: '4.21.0', revision: '79ed462ef4'
System info: os.name: 'Windows 11', os.arch: 'amd64', os.version: '10.0', java.version: '11.0.22'
Driver info: org.openqa.selenium.chrome.ChromeDriver
Command: [30a4d1e41cbb3574193b0f30d0c47a43, clickElement {id=f.A9CFEBB4276F522AE5B6F537CBB53395.d.2608369DA4B47D3FE1C307F753739389.e.21}]
Capabilities {acceptInsecureCerts: false, browserName: chrome, browserVersion: 131.0.6778.86, chrome: {chromedriverVersion: 131.0.6778.108 (3b014839fbc..., userDataDir: C:\Users\Lenovo\AppData\Loc...}, fedcm:accounts: true, goog:chromeOptions: {debuggerAddress: localhost:61953}, networkConnectionEnabled: false, pageLoadStrategy: normal, platformName: windows, proxy: Proxy(), se:cdp: ws://localhost:61953/devtoo..., se:cdpVersion: 131.0.6778.86, setWindowRect: true, strictFileInteractability: false, timeouts: {implicit: 0, pageLoad: 300000, script: 30000}, unhandledPromptBehavior: dismiss and notify, webauthn:extension:credBlob: true, webauthn:extension:largeBlob: true, webauthn:extension:minPinLength: true, webauthn:extension:prf: true, webauthn:virtualAuthenticators: true}
Element: [[ChromeDriver: chrome on windows (30a4d1e41cbb3574193b0f30d0c47a43)] -> xpath: //*[@id="login"]/a]
Session ID: 30a4d1e41cbb3574193b0f30d0c47a43]]>
            </message>
            <full-stacktrace>
              <![CDATA[org.openqa.selenium.ElementClickInterceptedException: element click intercepted: Element <a href="/medicare/login">...</a> is not clickable at point (1162, 32). Other element would receive the click: <div class="se-pre-con" style="opacity: 0.00427757;"></div>
  (Session info: chrome=131.0.6778.86)
Build info: version: '4.21.0', revision: '79ed462ef4'
System info: os.name: 'Windows 11', os.arch: 'amd64', os.version: '10.0', java.version: '11.0.22'
Driver info: org.openqa.selenium.chrome.ChromeDriver
Command: [30a4d1e41cbb3574193b0f30d0c47a43, clickElement {id=f.A9CFEBB4276F522AE5B6F537CBB53395.d.2608369DA4B47D3FE1C307F753739389.e.21}]
Capabilities {acceptInsecureCerts: false, browserName: chrome, browserVersion: 131.0.6778.86, chrome: {chromedriverVersion: 131.0.6778.108 (3b014839fbc..., userDataDir: C:\Users\Lenovo\AppData\Loc...}, fedcm:accounts: true, goog:chromeOptions: {debuggerAddress: localhost:61953}, networkConnectionEnabled: false, pageLoadStrategy: normal, platformName: windows, proxy: Proxy(), se:cdp: ws://localhost:61953/devtoo..., se:cdpVersion: 131.0.6778.86, setWindowRect: true, strictFileInteractability: false, timeouts: {implicit: 0, pageLoad: 300000, script: 30000}, unhandledPromptBehavior: dismiss and notify, webauthn:extension:credBlob: true, webauthn:extension:largeBlob: true, webauthn:extension:minPinLength: true, webauthn:extension:prf: true, webauthn:virtualAuthenticators: true}
Element: [[ChromeDriver: chrome on windows (30a4d1e41cbb3574193b0f30d0c47a43)] -> xpath: //*[@id="login"]/a]
Session ID: 30a4d1e41cbb3574193b0f30d0c47a43
at java.base/jdk.internal.reflect.NativeConstructorAccessorImpl.newInstance0(Native Method)
at java.base/jdk.internal.reflect.NativeConstructorAccessorImpl.newInstance(NativeConstructorAccessorImpl.java:62)
at java.base/jdk.internal.reflect.DelegatingConstructorAccessorImpl.newInstance(DelegatingConstructorAccessorImpl.java:45)
at java.base/java.lang.reflect.Constructor.newInstance(Constructor.java:490)
at org.openqa.selenium.remote.ErrorCodec.decode(ErrorCodec.java:167)
at org.openqa.selenium.remote.codec.w3c.W3CHttpResponseCodec.decode(W3CHttpResponseCodec.java:138)
at org.openqa.selenium.remote.codec.w3c.W3CHttpResponseCodec.decode(W3CHttpResponseCodec.java:50)
at org.openqa.selenium.remote.HttpCommandExecutor.execute(HttpCommandExecutor.java:190)
at org.openqa.selenium.remote.service.DriverCommandExecutor.invokeExecute(DriverCommandExecutor.java:216)
at org.openqa.selenium.remote.service.DriverCommandExecutor.execute(DriverCommandExecutor.java:174)
at org.openqa.selenium.remote.RemoteWebDriver.execute(RemoteWebDriver.java:518)
at org.openqa.selenium.remote.RemoteWebElement.execute(RemoteWebElement.java:223)
at org.openqa.selenium.remote.RemoteWebElement.click(RemoteWebElement.java:76)
at jdk.internal.reflect.GeneratedMethodAccessor2.invoke(Unknown Source)
at java.base/jdk.internal.reflect.DelegatingMethodAccessorImpl.invoke(DelegatingMethodAccessorImpl.java:43)
at java.base/java.lang.reflect.Method.invoke(Method.java:566)
at org.openqa.selenium.support.pagefactory.internal.LocatingElementHandler.invoke(LocatingElementHandler.java:51)
at com.sun.proxy.$Proxy13.click(Unknown Source)
at pages.LoginPage.loginmethod(LoginPage.java:48)
at testcases.Alltestcases.tc05_add2itemchkout(Alltestcases.java:52)
at java.base/jdk.internal.reflect.NativeMethodAccessorImpl.invoke0(Native Method)
at java.base/jdk.internal.reflect.NativeMethodAccessorImpl.invoke(NativeMethodAccessorImpl.java:62)
at java.base/jdk.internal.reflect.DelegatingMethodAccessorImpl.invoke(DelegatingMethodAccessorImpl.java:43)
at java.base/java.lang.reflect.Method.invoke(Method.java:566)
at org.testng.internal.MethodInvocationHelper.invokeMethod(MethodInvocationHelper.java:124)
at org.testng.internal.Invoker.invokeMethod(Invoker.java:583)
at org.testng.internal.Invoker.invokeTestMethod(Invoker.java:719)
at org.testng.internal.Invoker.invokeTestMethods(Invoker.java:989)
at org.testng.internal.TestMethodWorker.invokeTestMethods(TestMethodWorker.java:125)
at org.testng.internal.TestMethodWorker.run(TestMethodWorker.java:109)
at org.testng.TestRunner.privateRun(TestRunner.java:648)
at org.testng.TestRunner.run(TestRunner.java:505)
at org.testng.SuiteRunner.runTest(SuiteRunner.java:455)
at org.testng.SuiteRunner.runSequentially(SuiteRunner.java:450)
at org.testng.SuiteRunner.privateRun(SuiteRunner.java:415)
at org.testng.SuiteRunner.run(SuiteRunner.java:364)
at org.testng.SuiteRunnerWorker.runSuite(SuiteRunnerWorker.java:52)
at org.testng.SuiteRunnerWorker.run(SuiteRunnerWorker.java:84)
at org.testng.TestNG.runSuitesSequentially(TestNG.java:1208)
at org.testng.TestNG.runSuitesLocally(TestNG.java:1137)
at org.testng.TestNG.runSuites(TestNG.java:1049)
at org.testng.TestNG.run(TestNG.java:1017)
at org.testng.remote.AbstractRemoteTestNG.run(AbstractRemoteTestNG.java:115)
at org.testng.remote.RemoteTestNG.initAndRun(RemoteTestNG.java:293)
at org.testng.remote.RemoteTestNG.main(RemoteTestNG.java:91)
]]>
            </full-stacktrace>
          </exception> <!-- org.openqa.selenium.ElementClickInterceptedException -->
          <reporter-output>
          </reporter-output>
        </test-method> <!-- tc05_add2itemchkout -->
        <test-method is-config="true" signature="TearDown()[pri:0, instance:testcases.Alltestcases@81d9a72]" started-at="2024-12-13T09:33:56Z" name="TearDown" finished-at="2024-12-13T09:33:56Z" duration-ms="152" status="PASS">
          <reporter-output>
          </reporter-output>
        </test-method> <!-- TearDown -->
      </class> <!-- testcases.Alltestcases -->
    </test> <!-- Test -->
  </suite> <!-- Suite -->
</testng-results>
